生成启动时间为 2015/10/9 14:17:20。
     1>项目“D:\facedata\阿里巴巴开放性项目\chongchongProject\chongchongProject\chongchongProject\chongchongProject.vcxproj”在节点 2 上(Build 个目标)。
     1>ClCompile:
         D:\Program Files (x86)\Microsoft Visual Studio 11.0\VC\bin\CL.exe /c /ZI /nologo /W3 /WX- /sdl /Od /Oy- /D WIN32 /D _DEBUG /D _CONSOLE /D _UNICODE /D UNICODE /Gm /EHsc /RTC1 /MDd /GS /fp:precise /Zc:wchar_t /Zc:forScope /Fo"Debug\\" /Fd"Debug\vc110.pdb" /Gd /TP /analyze- /errorReport:prompt _utils.cpp
         _utils.cpp
     1>d:\facedata\阿里巴巴开放性项目\chongchongproject\chongchongproject\chongchongproject\_utils.cpp(115): warning C4244: “参数”: 从“double”转换到“const int”，可能丢失数据
     1>d:\facedata\阿里巴巴开放性项目\chongchongproject\chongchongproject\chongchongproject\_utils.cpp(209): warning C4244: “=”: 从“const double”转换到“uchar”，可能丢失数据
     1>d:\facedata\阿里巴巴开放性项目\chongchongproject\chongchongproject\chongchongproject\_utils.cpp(286): warning C4244: “=”: 从“int”转换到“float”，可能丢失数据
     1>d:\facedata\阿里巴巴开放性项目\chongchongproject\chongchongproject\chongchongproject\_utils.cpp(374): warning C4018: “<”: 有符号/无符号不匹配
     1>d:\facedata\阿里巴巴开放性项目\chongchongproject\chongchongproject\chongchongproject\_utils.cpp(567): warning C4244: “初始化”: 从“double”转换到“const int”，可能丢失数据
     1>d:\facedata\阿里巴巴开放性项目\chongchongproject\chongchongproject\chongchongproject\_utils.cpp(600): warning C4244: “初始化”: 从“const double”转换到“const int”，可能丢失数据
       Link:
         D:\Program Files (x86)\Microsoft Visual Studio 11.0\VC\bin\link.exe /ERRORREPORT:PROMPT /OUT:"D:\facedata\阿里巴巴开放性项目\chongchongProject\chongchongProject\Debug\chongchongProject.exe" /INCREMENTAL /NOLOGO opencv_ml246d.lib opencv_calib3d246d.lib opencv_contrib246d.lib opencv_core246d.lib opencv_features2d246d.lib opencv_flann246d.lib opencv_gpu246d.lib opencv_highgui246d.lib opencv_imgproc246d.lib opencv_legacy246d.lib opencv_objdetect246d.lib opencv_ts246d.lib opencv_video246d.lib opencv_nonfree246d.lib opencv_ocl246d.lib opencv_photo246d.lib opencv_stitching246d.lib opencv_superres246d.lib opencv_videostab246d.lib kernel32.lib user32.lib gdi32.lib winspool.lib comdlg32.lib advapi32.lib shell32.lib ole32.lib oleaut32.lib uuid.lib odbc32.lib odbccp32.lib /MANIFEST /MANIFESTUAC:"level='asInvoker' uiAccess='false'" /manifest:embed /DEBUG /PDB:"D:\facedata\阿里巴巴开放性项目\chongchongProject\chongchongProject\Debug\chongchongProject.pdb" /SUBSYSTEM:CONSOLE /TLBID:1 /DYNAMICBASE /NXCOMPAT /IMPLIB:"D:\facedata\阿里巴巴开放性项目\chongchongProject\chongchongProject\Debug\chongchongProject.lib" /MACHINE:X86 Debug\handGestureRecognitor.obj
         Debug\MainSampleTest.obj
         Debug\_convert.obj
         Debug\_utils.obj
         chongchongProject.vcxproj -> D:\facedata\阿里巴巴开放性项目\chongchongProject\chongchongProject\Debug\chongchongProject.exe
     1>已完成生成项目“D:\facedata\阿里巴巴开放性项目\chongchongProject\chongchongProject\chongchongProject\chongchongProject.vcxproj”(Build 个目标)的操作。

生成成功。

已用时间 00:00:04.92
