D:\FACEDATA\阿里巴巴开放性项目\CHONGCHONGPROJECT\CHONGCHONGPROJECT\CHONGCHONGPROJECT\DEBUG\MAINSAMPLE.OBJ
D:\FACEDATA\阿里巴巴开放性项目\CHONGCHONGPROJECT\CHONGCHONGPROJECT\CHONGCHONGPROJECT\DEBUG\HANDGESTURERECOGNITOR.OBJ
D:\FACEDATA\阿里巴巴开放性项目\CHONGCHONGPROJECT\CHONGCHONGPROJECT\CHONGCHONGPROJECT\DEBUG\_CONVERT.OBJ
D:\FACEDATA\阿里巴巴开放性项目\CHONGCHONGPROJECT\CHONGCHONGPROJECT\CHONGCHONGPROJECT\DEBUG\VC110.PDB
D:\facedata\阿里巴巴开放性项目\chongchongProject\chongchongProject\chongchongProject\Debug\handGestureRecognitor.obj
D:\facedata\阿里巴巴开放性项目\chongchongProject\chongchongProject\chongchongProject\Debug\MainSample.obj
D:\facedata\阿里巴巴开放性项目\chongchongProject\chongchongProject\chongchongProject\Debug\_convert.obj
D:\facedata\阿里巴巴开放性项目\chongchongProject\chongchongProject\chongchongProject\Debug\cl.command.1.tlog
D:\facedata\阿里巴巴开放性项目\chongchongProject\chongchongProject\chongchongProject\Debug\CL.read.1.tlog
D:\facedata\阿里巴巴开放性项目\chongchongProject\chongchongProject\chongchongProject\Debug\CL.write.1.tlog
D:\facedata\阿里巴巴开放性项目\chongchongProject\chongchongProject\chongchongProject\Debug\link-cvtres.read.1.tlog
D:\facedata\阿里巴巴开放性项目\chongchongProject\chongchongProject\chongchongProject\Debug\link-cvtres.write.1.tlog
D:\facedata\阿里巴巴开放性项目\chongchongProject\chongchongProject\chongchongProject\Debug\link-rc.read.1.tlog
D:\facedata\阿里巴巴开放性项目\chongchongProject\chongchongProject\chongchongProject\Debug\link-rc.write.1.tlog
D:\facedata\阿里巴巴开放性项目\chongchongProject\chongchongProject\chongchongProject\Debug\link.11188-cvtres.read.1.tlog
D:\facedata\阿里巴巴开放性项目\chongchongProject\chongchongProject\chongchongProject\Debug\link.11188-cvtres.write.1.tlog
D:\facedata\阿里巴巴开放性项目\chongchongProject\chongchongProject\chongchongProject\Debug\link.11188-rc.read.1.tlog
D:\facedata\阿里巴巴开放性项目\chongchongProject\chongchongProject\chongchongProject\Debug\link.11188-rc.write.1.tlog
D:\facedata\阿里巴巴开放性项目\chongchongProject\chongchongProject\chongchongProject\Debug\link.11188.read.1.tlog
D:\facedata\阿里巴巴开放性项目\chongchongProject\chongchongProject\chongchongProject\Debug\link.11188.write.1.tlog
D:\facedata\阿里巴巴开放性项目\chongchongProject\chongchongProject\chongchongProject\Debug\link.8876-cvtres.read.1.tlog
D:\facedata\阿里巴巴开放性项目\chongchongProject\chongchongProject\chongchongProject\Debug\link.8876-cvtres.write.1.tlog
D:\facedata\阿里巴巴开放性项目\chongchongProject\chongchongProject\chongchongProject\Debug\link.8876-rc.read.1.tlog
D:\facedata\阿里巴巴开放性项目\chongchongProject\chongchongProject\chongchongProject\Debug\link.8876-rc.write.1.tlog
D:\facedata\阿里巴巴开放性项目\chongchongProject\chongchongProject\chongchongProject\Debug\link.8876.read.1.tlog
D:\facedata\阿里巴巴开放性项目\chongchongProject\chongchongProject\chongchongProject\Debug\link.8876.write.1.tlog
D:\facedata\阿里巴巴开放性项目\chongchongProject\chongchongProject\chongchongProject\Debug\link.9760-cvtres.read.1.tlog
D:\facedata\阿里巴巴开放性项目\chongchongProject\chongchongProject\chongchongProject\Debug\link.9760-cvtres.write.1.tlog
D:\facedata\阿里巴巴开放性项目\chongchongProject\chongchongProject\chongchongProject\Debug\link.9760-rc.read.1.tlog
D:\facedata\阿里巴巴开放性项目\chongchongProject\chongchongProject\chongchongProject\Debug\link.9760-rc.write.1.tlog
D:\facedata\阿里巴巴开放性项目\chongchongProject\chongchongProject\chongchongProject\Debug\link.9760.read.1.tlog
D:\facedata\阿里巴巴开放性项目\chongchongProject\chongchongProject\chongchongProject\Debug\link.9760.write.1.tlog
D:\facedata\阿里巴巴开放性项目\chongchongProject\chongchongProject\chongchongProject\Debug\link.9768-cvtres.read.1.tlog
D:\facedata\阿里巴巴开放性项目\chongchongProject\chongchongProject\chongchongProject\Debug\link.9768-cvtres.write.1.tlog
D:\facedata\阿里巴巴开放性项目\chongchongProject\chongchongProject\chongchongProject\Debug\link.9768-rc.read.1.tlog
D:\facedata\阿里巴巴开放性项目\chongchongProject\chongchongProject\chongchongProject\Debug\link.9768-rc.write.1.tlog
D:\facedata\阿里巴巴开放性项目\chongchongProject\chongchongProject\chongchongProject\Debug\link.9768.read.1.tlog
D:\facedata\阿里巴巴开放性项目\chongchongProject\chongchongProject\chongchongProject\Debug\link.9768.write.1.tlog
D:\facedata\阿里巴巴开放性项目\chongchongProject\chongchongProject\chongchongProject\Debug\link.command.1.tlog
D:\facedata\阿里巴巴开放性项目\chongchongProject\chongchongProject\chongchongProject\Debug\link.read.1.tlog
D:\facedata\阿里巴巴开放性项目\chongchongProject\chongchongProject\chongchongProject\Debug\link.write.1.tlog
D:\facedata\阿里巴巴开放性项目\chongchongProject\chongchongProject\chongchongProject\Debug\vc110.idb
D:\facedata\阿里巴巴开放性项目\chongchongProject\chongchongProject\chongchongProject\Debug\vc110.pdb
